<?xml version="1.0" encoding="UTF-8"?>
<!-- Generated by org.testng.reporters.JUnitXMLReporter -->
<testsuite ignored="1" hostname="admin-PC" failures="0" tests="2" name="Default test" time="11.264" errors="0" timestamp="29 Dec 2019 06:30:06 GMT">
  <testcase classname="basic2.CreateChangerequest" name="createChange" time="6.78"/>
  <testcase classname="basic2.UpdateChangerequest" name="UpdateChangerequest" time="4.457"/>
  <testcase classname="basic2.BaseClass" name="@BeforeSuite launch" time="0.0">
    <ignored/>
  </testcase> <!-- @BeforeSuite launch -->
</testsuite> <!-- Default test -->
